System info:
CPU: Intel(R) Core(TM) i5-9300H CPU @ 2.40GHz
RAM: 15.84GiB
OS: Windows, v. 10.0.19044, AMD64
Arch: 64bit

Benchmarking Go
Test 1. Sleep
Build done.
10       : 0.29    5.46
100      : 0.31    6.38
1,000    : 0.38    14.37
10,000   : 1.22    68.57
100,000  : 9.99    285.52

Test 2. Files R
Build done.
10       : 0.00    3.90
100      : 0.01    3.98
1,000    : 0.02    3.90
10,000   : 0.15    79.34
100,000  : 1.58    467.99

Test 3. Files RW
Build done.
10       : 0.00    3.91
100      : 0.02    3.87
1,000    : 0.22    22.07
10,000   : 5.72    132.65
100,000  : 130.14  4,341.60

Test 4. SQLite
Build done.
10       : 0.09    8.96
100      : 0.97    25.82
1,000    : 7.25    186.36

Test 5. MySQL
Build done.
10       : 0.01    7.00
100      : 0.06    3.91
1,000    : 0.45    24.98
10,000   : 4.60    144.00
100,000  : 44.56   1,366.31

Test 6. PostgreSQL
Build done.
10       : 0.14    10.80
100      : 1.42    18.46
1,000    : 1.59    31.57
10,000   : 3.26    140.47
100,000  : 22.15   1,250.64


Benchmarking Rust
Test 1. Sleep
Build done.
10       : 0.28    4.18
100      : 0.30    3.96
1,000    : 0.30    5.10
10,000   : 0.31    17.48
100,000  : 0.41    142.20

Test 2. Files R
Build done.
10       : 0.00    4.31
100      : 0.01    3.89
1,000    : 0.03    4.17
10,000   : 0.15    44.89
100,000  : 1.37    285.16

Test 3. Files RW
Build done.
10       : 0.00    4.20
100      : 0.02    3.85
1,000    : 0.07    3.88
10,000   : 0.64    82.44
100,000  : 14.25   2,789.09

Test 4. SQLite
Build done.
10       : 0.02    3.89
100      : 0.22    8.28
1,000    : 1.07    14.62

Test 5. MySQL
Build done.
10       : 0.01    3.89
100      : 0.12    16.63
1,000    : 0.63    34.70
10,000   : 5.60    165.04
100,000  : 50.60   1,440.82

Test 6. PostgreSQL
Build done.
10       : 0.16    9.47
100      : 1.48    14.22
1,000    : 1.79    29.36
10,000   : 4.41    177.24
100,000  : 30.94   1,639.91


1. Sleep results:
+-----------+--------------------+--------------------+-------------------+
| routines  | Rust               | Go                 | Ratio             |
+-----------+---------+----------+---------+----------+---------+---------+
| 10        | 0.283s  | 4.18Mb   | 0.289s  | 5.46Mb   | -2.2%   | -23.6%  |
| 100       | 0.299s  | 3.96Mb   | 0.306s  | 6.38Mb   | -2.2%   | -37.8%  |
| 1,000     | 0.301s  | 5.10Mb   | 0.384s  | 14.37Mb  | -21.5%  | -64.5%  |
| 10,000    | 0.313s  | 17.48Mb  | 1.222s  | 68.57Mb  | -74.4%  | -74.5%  |
| 100,000   | 0.405s  | 142.20Mb | 9.989s  | 285.52Mb | -95.9%  | -50.2%  |
+-----------+---------+----------+---------+----------+---------+---------+

2. Files R results:
+-----------+--------------------+--------------------+-------------------+
| routines  | Rust               | Go                 | Ratio             |
+-----------+---------+----------+---------+----------+---------+---------+
| 10        | 0.002s  | 4.31Mb   | 0.002s  | 3.90Mb   | +8.1%   | +10.5%  |
| 100       | 0.009s  | 3.89Mb   | 0.007s  | 3.98Mb   | +21.8%  | -2.1%   |
| 1,000     | 0.029s  | 4.17Mb   | 0.021s  | 3.90Mb   | +37.5%  | +6.9%   |
| 10,000    | 0.149s  | 44.89Mb  | 0.151s  | 79.34Mb  | -1.6%   | -43.4%  |
| 100,000   | 1.375s  | 285.16Mb | 1.583s  | 467.99Mb | -13.2%  | -39.1%  |
+-----------+---------+----------+---------+----------+---------+---------+

3. Files RW results:
+-----------+--------------------+--------------------+-------------------+
| routines  | Rust               | Go                 | Ratio             |
+-----------+---------+----------+---------+----------+---------+---------+
| 10        | 0.003s  | 4.20Mb   | 0.003s  | 3.91Mb   | -9.0%   | +7.3%   |
| 100       | 0.017s  | 3.85Mb   | 0.019s  | 3.87Mb   | -10.4%  | -0.6%   |
| 1,000     | 0.073s  | 3.88Mb   | 0.216s  | 22.07Mb  | -66.3%  | -82.4%  |
| 10,000    | 0.637s  | 82.44Mb  | 5.724s  | 132.65Mb | -88.9%  | -37.9%  |
| 100,000   | 14.248s | 2.72Gb   | 2.169m  | 4.24Gb   | -89.1%  | -35.8%  |
+-----------+---------+----------+---------+----------+---------+---------+

4. SQLite results:
+-----------+--------------------+--------------------+-------------------+
| routines  | Rust               | Go                 | Ratio             |
+-----------+---------+----------+---------+----------+---------+---------+
| 10        | 0.020s  | 3.89Mb   | 0.085s  | 8.96Mb   | -76.2%  | -56.6%  |
| 100       | 0.221s  | 8.28Mb   | 0.970s  | 25.82Mb  | -77.2%  | -67.9%  |
| 1,000     | 1.075s  | 14.62Mb  | 7.246s  | 186.36Mb | -85.2%  | -92.2%  |
+-----------+---------+----------+---------+----------+---------+---------+

5. MySQL results:
+-----------+--------------------+--------------------+-------------------+
| routines  | Rust               | Go                 | Ratio             |
+-----------+---------+----------+---------+----------+---------+---------+
| 10        | 0.013s  | 3.89Mb   | 0.009s  | 7.00Mb   | +46.6%  | -44.4%  |
| 100       | 0.119s  | 16.63Mb  | 0.064s  | 3.91Mb   | +84.2%  | +324.9% |
| 1,000     | 0.628s  | 34.70Mb  | 0.453s  | 24.98Mb  | +38.7%  | +38.9%  |
| 10,000    | 5.602s  | 165.04Mb | 4.602s  | 144.00Mb | +21.7%  | +14.6%  |
| 100,000   | 50.598s | 1.41Gb   | 44.563s | 1.33Gb   | +13.5%  | +5.5%   |
+-----------+---------+----------+---------+----------+---------+---------+

6. PostgreSQL results:
+-----------+--------------------+--------------------+-------------------+
| routines  | Rust               | Go                 | Ratio             |
+-----------+---------+----------+---------+----------+---------+---------+
| 10        | 0.157s  | 9.47Mb   | 0.141s  | 10.80Mb  | +11.7%  | -12.3%  |
| 100       | 1.485s  | 14.22Mb  | 1.417s  | 18.46Mb  | +4.8%   | -23.0%  |
| 1,000     | 1.793s  | 29.36Mb  | 1.591s  | 31.57Mb  | +12.7%  | -7.0%   |
| 10,000    | 4.408s  | 177.24Mb | 3.263s  | 140.47Mb | +35.1%  | +26.2%  |
| 100,000   | 30.937s | 1.60Gb   | 22.147s | 1.22Gb   | +39.7%  | +31.1%  |
+-----------+---------+----------+---------+----------+---------+---------+

Total time elapsed: 1:13:30.445972
